<?xml version="1.0" encoding="UTF-8"?>
<!-- Generated by org.testng.reporters.JUnitXMLReporter -->
<testsuite ignored="4" hostname="DESKTOP-D98BE3B" failures="1" tests="13" name="EmployeesRestAPITest" time="23.45" errors="0" timestamp="13 Jul 2019 16:48:27 GMT">
  <testcase classname="com.employee.testcases.TC001_VerifyAllEmployeeData" name="ValidateResponseBody" time="0.114"/>
  <testcase classname="com.employee.testcases.TC001_VerifyAllEmployeeData" name="ValidateStatusCode" time="0.012"/>
  <testcase classname="com.employee.testcases.TC001_VerifyAllEmployeeData" name="ValidateresponseTime" time="0.011">
    <failure type="java.lang.AssertionError" message="expected [true] but found [false]">
      <![CDATA[java.lang.AssertionError: expected [true] but found [false]
at com.employee.testcases.TC001_VerifyAllEmployeeData.ValidateresponseTime(TC001_VerifyAllEmployeeData.java:48)
... Removed 29 stack frames]]>
    </failure>
  </testcase> <!-- ValidateresponseTime -->
  <testcase classname="com.employee.testcases.TC002_VerifySingleEmployeeData" name="ValidateContentType" time="0.004"/>
  <testcase classname="com.employee.testcases.TC002_VerifySingleEmployeeData" name="ValidateResponseBody" time="0.007"/>
  <testcase classname="com.employee.testcases.TC002_VerifySingleEmployeeData" name="ValidateStatusCode" time="0.004"/>
  <testcase classname="com.employee.testcases.TC003_VerifyCreateNewEmployee" name="ValidateResponseBody" time="0.008"/>
  <testcase classname="com.employee.testcases.TC003_VerifyCreateNewEmployee" name="ValidateStatusCode" time="0.0"/>
  <testcase classname="com.employee.testcases.TC004_VerifyUpdateExistingEmployee" name="ValidateResponseBody" time="0.014"/>
  <testcase classname="com.employee.testcases.TC004_VerifyUpdateExistingEmployee" name="ValidateStatusCode" time="0.004"/>
  <testcase classname="com.employee.testcases.TC005_VerifyDeleteEmpRecord" name="ValidateContentType" time="0.012"/>
  <testcase classname="com.employee.testcases.TC005_VerifyDeleteEmpRecord" name="ValidateResponseBody" time="0.004"/>
  <testcase classname="com.employee.testcases.TC005_VerifyDeleteEmpRecord" name="ValidateStatusCode" time="0.02"/>
  <testcase classname="com.employee.base.TestBase" name="@BeforeSuite LogSetUp" time="0.0">
    <ignored/>
  </testcase> <!-- @BeforeSuite LogSetUp -->
  <testcase classname="com.employee.base.TestBase" name="@BeforeSuite LogSetUp" time="0.0">
    <ignored/>
  </testcase> <!-- @BeforeSuite LogSetUp -->
  <testcase classname="com.employee.base.TestBase" name="@BeforeSuite LogSetUp" time="0.0">
    <ignored/>
  </testcase> <!-- @BeforeSuite LogSetUp -->
  <testcase classname="com.employee.base.TestBase" name="@BeforeSuite LogSetUp" time="0.0">
    <ignored/>
  </testcase> <!-- @BeforeSuite LogSetUp -->
</testsuite> <!-- EmployeesRestAPITest -->
